<?xml version="1.0" encoding="UTF-8"?>
<testsuite xmlns:xsi="http://www.w3.org/2001/XMLSchema-instance" xsi:noNamespaceSchemaLocation="https://maven.apache.org/surefire/maven-surefire-plugin/xsd/surefire-test-report.xsd" version="3.0.2" name="com.kayles.employee_management_system.integrationTest.AuthenticationControllerIntegrationTest" time="6.062" tests="1" errors="0" skipped="0" failures="0">
  <properties>
[...]
</properties>
  <testcase name="registerAndLogin_IntegrationTest" classname="com.kayles.employee_management_system.integrationTest.AuthenticationControllerIntegrationTest" time="0.639">
    <system-out><![CDATA[2025-12-15T18:58:52.715+03:00  INFO 18976 --- [           main] t.c.s.AnnotationConfigContextLoaderUtils : Could not detect default configuration classes for test class [com.kayles.employee_management_system.integrationTest.AuthenticationControllerIntegrationTest]: AuthenticationControllerIntegrationTest does not declare any static, non-private, non-final, nested classes annotated with @Configuration.
2025-12-15T18:58:52.733+03:00  INFO 18976 --- [           main] .b.t.c.SpringBootTestContextBootstrapper : Found @SpringBootConfiguration com.kayles.employee_management_system.EmployeeManagementSystemApplication for test class com.kayles.employee_management_system.integrationTest.AuthenticationControllerIntegrationTest
2025-12-15T18:58:52.779+03:00  INFO 18976 --- [           main] org.testcontainers.images.PullPolicy     : Image pull policy will be performed by: DefaultPullPolicy()
2025-12-15T18:58:52.782+03:00  INFO 18976 --- [           main] o.t.utility.ImageNameSubstitutor         : Image name substitution will be performed by: DefaultImageNameSubstitutor (composite of 'ConfigurationFileImageNameSubstitutor' and 'PrefixingImageNameSubstitutor')
2025-12-15T18:58:52.791+03:00  INFO 18976 --- [           main] org.testcontainers.DockerClientFactory   : Testcontainers version: 1.20.5
2025-12-15T18:58:52.991+03:00  INFO 18976 --- [           main] o.t.d.DockerClientProviderStrategy       : Loaded org.testcontainers.dockerclient.NpipeSocketClientProviderStrategy from ~/.testcontainers.properties, will try it first
2025-12-15T18:58:53.256+03:00  INFO 18976 --- [           main] o.t.d.DockerClientProviderStrategy       : Found Docker environment with local Npipe socket (npipe:////./pipe/docker_engine)
2025-12-15T18:58:53.257+03:00  INFO 18976 --- [           main] org.testcontainers.DockerClientFactory   : Docker host IP address is localhost
2025-12-15T18:58:53.266+03:00  INFO 18976 --- [           main] org.testcontainers.DockerClientFactory   : Connected to docker: 
  Server Version: 27.2.0
  API Version: 1.47
  Operating System: Docker Desktop
  Total Memory: 7536 MB
  Labels: 
    com.docker.desktop.address=npipe://\\.\pipe\docker_cli
2025-12-15T18:58:53.283+03:00  INFO 18976 --- [           main] tc.testcontainers/ryuk:0.11.0            : Creating container for image: testcontainers/ryuk:0.11.0
2025-12-15T18:58:53.419+03:00  INFO 18976 --- [           main] o.t.utility.RegistryAuthLocator          : Credential helper/store (docker-credential-desktop) does not have credentials for https://index.docker.io/v1/
2025-12-15T18:58:53.567+03:00  INFO 18976 --- [           main] tc.testcontainers/ryuk:0.11.0            : Container testcontainers/ryuk:0.11.0 is starting: bc05a81407b135e5f24dfe5be34a602cce20826ceab84ed5c8b4fba16d4e696f
2025-12-15T18:58:54.103+03:00  INFO 18976 --- [           main] tc.testcontainers/ryuk:0.11.0            : Container testcontainers/ryuk:0.11.0 started in PT0.8198796S
2025-12-15T18:58:54.108+03:00  INFO 18976 --- [           main] o.t.utility.RyukResourceReaper           : Ryuk started - will monitor and terminate Testcontainers containers on JVM exit
2025-12-15T18:58:54.109+03:00  INFO 18976 --- [           main] org.testcontainers.DockerClientFactory   : Checking the system...
2025-12-15T18:58:54.110+03:00  INFO 18976 --- [           main] org.testcontainers.DockerClientFactory   : ✔︎ Docker server version should be at least 1.6.0
2025-12-15T18:58:54.110+03:00  INFO 18976 --- [           main] tc.postgres:11-alpine                    : Creating container for image: postgres:11-alpine
2025-12-15T18:58:54.177+03:00  INFO 18976 --- [           main] tc.postgres:11-alpine                    : Container postgres:11-alpine is starting: b114bd43f23b4041434d6547ce4d0570e1a72761c447d0b18eac36804596902e
2025-12-15T18:58:56.369+03:00  INFO 18976 --- [           main] tc.postgres:11-alpine                    : Container postgres:11-alpine started in PT2.2586153S
2025-12-15T18:58:56.369+03:00  INFO 18976 --- [           main] tc.postgres:11-alpine                    : Container is started (JDBC URL: jdbc:postgresql://localhost:48856/employee-management-system?loggerLevel=OFF)

  .   ____          _            __ _ _
 /\\ / ___'_ __ _ _(_)_ __  __ _ \ \ \ \
( ( )\___ | '_ | '_| | '_ \/ _` | \ \ \ \
 \\/  ___)| |_)| | | | | || (_| |  ) ) ) )
  '  |____| .__|_| |_|_| |_\__, | / / / /
 =========|_|==============|___/=/_/_/_/

 :: Spring Boot ::                (v3.4.3)

2025-12-15T18:58:56.394+03:00  INFO 18976 --- [           main] .AuthenticationControllerIntegrationTest : Starting AuthenticationControllerIntegrationTest using Java 23 with PID 18976 (started by Kayles in D:\Programms\Employee-management-system)
2025-12-15T18:58:56.394+03:00  INFO 18976 --- [           main] .AuthenticationControllerIntegrationTest : No active profile set, falling back to 1 default profile: "default"
2025-12-15T18:58:56.572+03:00  INFO 18976 --- [           main] .s.d.r.c.RepositoryConfigurationDelegate : Bootstrapping Spring Data JPA repositories in DEFAULT mode.
2025-12-15T18:58:56.606+03:00  INFO 18976 --- [           main] .s.d.r.c.RepositoryConfigurationDelegate : Finished Spring Data repository scanning in 33 ms. Found 4 JPA repository interfaces.
2025-12-15T18:58:56.681+03:00  WARN 18976 --- [           main] trationDelegate$BeanPostProcessorChecker : Bean 'org.springframework.ws.config.annotation.DelegatingWsConfiguration' of type [org.springframework.ws.config.annotation.DelegatingWsConfiguration$$SpringCGLIB$$0] is not eligible for getting processed by all BeanPostProcessors (for example: not eligible for auto-proxying). The currently created BeanPostProcessor [annotationActionEndpointMapping] is declared through a non-static factory method on that class; consider declaring it as static instead.
2025-12-15T18:58:56.683+03:00  INFO 18976 --- [           main] .w.s.a.s.AnnotationActionEndpointMapping : Supporting [WS-Addressing August 2004, WS-Addressing 1.0]
2025-12-15T18:58:56.712+03:00  INFO 18976 --- [           main] com.zaxxer.hikari.HikariDataSource       : HikariPool-2 - Starting...
2025-12-15T18:58:56.734+03:00  INFO 18976 --- [           main] com.zaxxer.hikari.pool.HikariPool        : HikariPool-2 - Added connection org.postgresql.jdbc.PgConnection@43a188b6
2025-12-15T18:58:56.735+03:00  INFO 18976 --- [           main] com.zaxxer.hikari.HikariDataSource       : HikariPool-2 - Start completed.
2025-12-15T18:58:56.750+03:00  INFO 18976 --- [           main] liquibase.ui                             : INFO: The drop-all command may result in unrecoverable destructive changes to objects at 'jdbc:postgresql://localhost:48856/employee-management-system?loggerLevel=OFF'.
To protect against unwanted drops, set --requireForce=true, which will require a --force=true flag on the command.
Learn more at https://docs.liquibase.com/dropall.

2025-12-15T18:58:56.776+03:00  INFO 18976 --- [           main] liquibase.lockservice                    : Successfully acquired change log lock
2025-12-15T18:58:56.778+03:00  INFO 18976 --- [           main] liquibase.command                        : Dropping Database Objects in schema: employee-management-system.public
2025-12-15T18:58:56.778+03:00  INFO 18976 --- [           main] liquibase.snapshot                       : Creating snapshot
2025-12-15T18:58:56.945+03:00  INFO 18976 --- [           main] liquibase.database                       : Successfully deleted all supported object types in schema employee-management-system.public.
2025-12-15T18:58:56.948+03:00  WARN 18976 --- [           main] liquibase.lockservice                    : Failed to release change log lock
2025-12-15T18:58:56.951+03:00  INFO 18976 --- [           main] liquibase.ui                             : All objects dropped from test@jdbc:postgresql://localhost:48856/employee-management-system?loggerLevel=OFF
2025-12-15T18:58:56.951+03:00  INFO 18976 --- [           main] liquibase.command                        : Command execution complete
2025-12-15T18:58:57.031+03:00  INFO 18976 --- [           main] liquibase.changelog                      : Creating database history table with name: public.databasechangelog
2025-12-15T18:58:57.038+03:00  INFO 18976 --- [           main] liquibase.changelog                      : Reading from public.databasechangelog
2025-12-15T18:58:57.093+03:00  INFO 18976 --- [           main] liquibase.lockservice                    : Successfully acquired change log lock
2025-12-15T18:58:57.094+03:00  INFO 18976 --- [           main] liquibase.command                        : Using deploymentId: 5814337094
2025-12-15T18:58:57.097+03:00  INFO 18976 --- [           main] liquibase.changelog                      : Reading from public.databasechangelog
2025-12-15T18:58:57.105+03:00  INFO 18976 --- [           main] liquibase.ui                             : Running Changeset: db/changelog/initial/001.create-role-table.xml::create-role-table::admin
2025-12-15T18:58:57.115+03:00  INFO 18976 --- [           main] liquibase.changelog                      : Table role created
2025-12-15T18:58:57.117+03:00  INFO 18976 --- [           main] liquibase.changelog                      : ChangeSet db/changelog/initial/001.create-role-table.xml::create-role-table::admin ran successfully in 10ms
2025-12-15T18:58:57.124+03:00  INFO 18976 --- [           main] liquibase.ui                             : Running Changeset: db/changelog/initial/002.create-person-role-table.xml::create-person-role-table::admin
2025-12-15T18:58:57.128+03:00  INFO 18976 --- [           main] liquibase.changelog                      : Table person_role created
2025-12-15T18:58:57.129+03:00  INFO 18976 --- [           main] liquibase.changelog                      : ChangeSet db/changelog/initial/002.create-person-role-table.xml::create-person-role-table::admin ran successfully in 5ms
2025-12-15T18:58:57.133+03:00  INFO 18976 --- [           main] liquibase.ui                             : Running Changeset: db/changelog/initial/003.create-image-table.xml::create-image-table::admin
2025-12-15T18:58:57.137+03:00  INFO 18976 --- [           main] liquibase.changelog                      : Table image created
2025-12-15T18:58:57.138+03:00  INFO 18976 --- [           main] liquibase.changelog                      : ChangeSet db/changelog/initial/003.create-image-table.xml::create-image-table::admin ran successfully in 5ms
2025-12-15T18:58:57.141+03:00  INFO 18976 --- [           main] liquibase.ui                             : Running Changeset: db/changelog/initial/003.create-person-image-table.xml::create-person-image-table::admin
2025-12-15T18:58:57.146+03:00  INFO 18976 --- [           main] liquibase.changelog                      : Table person_image created
2025-12-15T18:58:57.148+03:00  INFO 18976 --- [           main] liquibase.changelog                      : ChangeSet db/changelog/initial/003.create-person-image-table.xml::create-person-image-table::admin ran successfully in 5ms
2025-12-15T18:58:57.152+03:00  INFO 18976 --- [           main] liquibase.ui                             : Running Changeset: db/changelog/initial/004.create-person-table.xml::create-person-table::Kayles
2025-12-15T18:58:57.157+03:00  INFO 18976 --- [           main] liquibase.changelog                      : Table person created
2025-12-15T18:58:57.159+03:00  INFO 18976 --- [           main] liquibase.changelog                      : ChangeSet db/changelog/initial/004.create-person-table.xml::create-person-table::Kayles ran successfully in 7ms
2025-12-15T18:58:57.162+03:00  INFO 18976 --- [           main] liquibase.ui                             : Running Changeset: db/changelog/initial/005.create-groups-table.xml::create-groups-table::Kayles
2025-12-15T18:58:57.166+03:00  INFO 18976 --- [           main] liquibase.changelog                      : Table groups created
2025-12-15T18:58:57.167+03:00  INFO 18976 --- [           main] liquibase.changelog                      : ChangeSet db/changelog/initial/005.create-groups-table.xml::create-groups-table::Kayles ran successfully in 5ms
2025-12-15T18:58:57.170+03:00  INFO 18976 --- [           main] liquibase.ui                             : Running Changeset: db/changelog/initial/009.create-person-group-table.xml::create-person-group-table::admin
2025-12-15T18:58:57.176+03:00  INFO 18976 --- [           main] liquibase.changelog                      : Table person_group created
2025-12-15T18:58:57.178+03:00  INFO 18976 --- [           main] liquibase.changelog                      : ChangeSet db/changelog/initial/009.create-person-group-table.xml::create-person-group-table::admin ran successfully in 7ms
2025-12-15T18:58:57.183+03:00  INFO 18976 --- [           main] liquibase.ui                             : Running Changeset: db/changelog/initial/010.add-foreign-key.xml::add-foreign-key::admin
2025-12-15T18:58:57.188+03:00  INFO 18976 --- [           main] liquibase.changelog                      : Foreign key constraint added to person_role (person_id)
2025-12-15T18:58:57.191+03:00  INFO 18976 --- [           main] liquibase.changelog                      : Foreign key constraint added to person_role (role_id)
2025-12-15T18:58:57.194+03:00  INFO 18976 --- [           main] liquibase.changelog                      : Foreign key constraint added to person_image (image_id)
2025-12-15T18:58:57.196+03:00  INFO 18976 --- [           main] liquibase.changelog                      : Foreign key constraint added to person_image (person_id)
2025-12-15T18:58:57.200+03:00  INFO 18976 --- [           main] liquibase.changelog                      : Foreign key constraint added to person_group (person_id)
2025-12-15T18:58:57.202+03:00  INFO 18976 --- [           main] liquibase.changelog                      : Foreign key constraint added to person_group (group_id)
2025-12-15T18:58:57.204+03:00  INFO 18976 --- [           main] liquibase.changelog                      : ChangeSet db/changelog/initial/010.add-foreign-key.xml::add-foreign-key::admin ran successfully in 19ms
2025-12-15T18:58:57.208+03:00  INFO 18976 --- [           main] liquibase.ui                             : Running Changeset: db/changelog/initial/011.insert-values.xml::insert-values::Kayles
2025-12-15T18:58:57.213+03:00  INFO 18976 --- [           main] liquibase.changelog                      : Custom SQL executed
2025-12-15T18:58:57.216+03:00  INFO 18976 --- [           main] liquibase.changelog                      : Custom SQL executed
2025-12-15T18:58:57.218+03:00  INFO 18976 --- [           main] liquibase.changelog                      : Custom SQL executed
2025-12-15T18:58:57.234+03:00  INFO 18976 --- [           main] liquibase.changelog                      : Custom SQL executed
2025-12-15T18:58:57.238+03:00  INFO 18976 --- [           main] liquibase.changelog                      : Custom SQL executed
2025-12-15T18:58:57.242+03:00  INFO 18976 --- [           main] liquibase.changelog                      : Custom SQL executed
2025-12-15T18:58:57.246+03:00  INFO 18976 --- [           main] liquibase.changelog                      : Custom SQL executed
2025-12-15T18:58:57.248+03:00  INFO 18976 --- [           main] liquibase.changelog                      : ChangeSet db/changelog/initial/011.insert-values.xml::insert-values::Kayles ran successfully in 39ms
2025-12-15T18:58:57.253+03:00  INFO 18976 --- [           main] liquibase.util                           : UPDATE SUMMARY
2025-12-15T18:58:57.254+03:00  INFO 18976 --- [           main] liquibase.util                           : Run:                          9
2025-12-15T18:58:57.254+03:00  INFO 18976 --- [           main] liquibase.util                           : Previously run:               0
2025-12-15T18:58:57.254+03:00  INFO 18976 --- [           main] liquibase.util                           : Filtered out:                 0
2025-12-15T18:58:57.254+03:00  INFO 18976 --- [           main] liquibase.util                           : -------------------------------
2025-12-15T18:58:57.254+03:00  INFO 18976 --- [           main] liquibase.util                           : Total change sets:            9
2025-12-15T18:58:57.254+03:00  INFO 18976 --- [           main] liquibase.util                           : Update summary generated
2025-12-15T18:58:57.254+03:00  INFO 18976 --- [           main] liquibase.command                        : Update command completed successfully.
2025-12-15T18:58:57.255+03:00  INFO 18976 --- [           main] liquibase.ui                             : Liquibase: Update has been successful. Rows affected: 35
2025-12-15T18:58:57.262+03:00  INFO 18976 --- [           main] liquibase.lockservice                    : Successfully released change log lock
2025-12-15T18:58:57.265+03:00  INFO 18976 --- [           main] liquibase.command                        : Command execution complete
2025-12-15T18:58:57.292+03:00  INFO 18976 --- [           main] o.hibernate.jpa.internal.util.LogHelper  : HHH000204: Processing PersistenceUnitInfo [name: default]
2025-12-15T18:58:57.297+03:00  INFO 18976 --- [           main] o.h.c.internal.RegionFactoryInitiator    : HHH000026: Second-level cache disabled
2025-12-15T18:58:57.306+03:00  INFO 18976 --- [           main] o.s.o.j.p.SpringPersistenceUnitInfo      : No LoadTimeWeaver setup: ignoring JPA class transformer
2025-12-15T18:58:57.313+03:00  WARN 18976 --- [           main] org.hibernate.dialect.Dialect            : HHH000511: The 11.22.0 version for [org.hibernate.dialect.PostgreSQLDialect] is no longer supported, hence certain features may not work properly. The minimum supported version is 12.0.0. Check the community dialects project for available legacy versions.
2025-12-15T18:58:57.317+03:00  INFO 18976 --- [           main] org.hibernate.orm.connections.pooling    : HHH10001005: Database info:
	Database JDBC URL [Connecting through datasource 'HikariDataSource (HikariPool-2)']
	Database driver: undefined/unknown
	Database version: 11.22
	Autocommit mode: undefined/unknown
	Isolation level: undefined/unknown
	Minimum pool size: undefined/unknown
	Maximum pool size: undefined/unknown
2025-12-15T18:58:57.414+03:00  INFO 18976 --- [           main] o.h.e.t.j.p.i.JtaPlatformInitiator       : HHH000489: No JTA platform available (set 'hibernate.transaction.jta.platform' to enable JTA platform integration)
2025-12-15T18:58:57.415+03:00  INFO 18976 --- [           main] j.LocalContainerEntityManagerFactoryBean : Initialized JPA EntityManagerFactory for persistence unit 'default'
2025-12-15T18:58:57.466+03:00 TRACE 18976 --- [           main] eGlobalAuthenticationAutowiredConfigurer : Eagerly initializing {securityConfig=com.kayles.employee_management_system.config.SecurityConfig$$SpringCGLIB$$0@3ef54c8d}
2025-12-15T18:58:57.468+03:00  INFO 18976 --- [           main] r$InitializeUserDetailsManagerConfigurer : Global AuthenticationManager configured with UserDetailsService bean with name personDetailService
2025-12-15T18:58:57.499+03:00  WARN 18976 --- [           main] JpaBaseConfiguration$JpaWebConfiguration : spring.jpa.open-in-view is enabled by default. Therefore, database queries may be performed during view rendering. Explicitly configure spring.jpa.open-in-view to disable this warning
2025-12-15T18:58:57.560+03:00 DEBUG 18976 --- [           main] o.s.s.web.DefaultSecurityFilterChain     : Will secure any request with filters: DisableEncodeUrlFilter, WebAsyncManagerIntegrationFilter, SecurityContextHolderFilter, HeaderWriterFilter, CorsFilter, LogoutFilter, JwtAuthenticationFilter, RequestCacheAwareFilter, SecurityContextHolderAwareRequestFilter, AnonymousAuthenticationFilter, ExceptionTranslationFilter, AuthorizationFilter
2025-12-15T18:58:57.659+03:00  INFO 18976 --- [           main] o.s.b.t.m.w.SpringBootMockServletContext : Initializing Spring TestDispatcherServlet ''
2025-12-15T18:58:57.659+03:00  INFO 18976 --- [           main] o.s.t.web.servlet.TestDispatcherServlet  : Initializing Servlet ''
2025-12-15T18:58:57.660+03:00  INFO 18976 --- [           main] o.s.t.web.servlet.TestDispatcherServlet  : Completed initialization in 1 ms
2025-12-15T18:58:57.670+03:00  INFO 18976 --- [           main] .AuthenticationControllerIntegrationTest : Started AuthenticationControllerIntegrationTest in 1.296 seconds (process running for 14.373)
2025-12-15T18:58:57.715+03:00 TRACE 18976 --- [           main] o.s.security.web.FilterChainProxy        : Trying to match request against DefaultSecurityFilterChain defined as 'securityFilterChain' in [class path resource [com/kayles/employee_management_system/config/SecurityConfig.class]] matching [any request] and having filters [DisableEncodeUrl, WebAsyncManagerIntegration, SecurityContextHolder, HeaderWriter, Cors, Logout, JwtAuthentication, RequestCacheAware, SecurityContextHolderAwareRequest, AnonymousAuthentication, ExceptionTranslation, Authorization] (1/1)
2025-12-15T18:58:57.738+03:00 DEBUG 18976 --- [           main] o.s.security.web.FilterChainProxy        : Securing POST /auth/register
2025-12-15T18:58:57.740+03:00 TRACE 18976 --- [           main] o.s.security.web.FilterChainProxy        : Invoking DisableEncodeUrlFilter (1/12)
2025-12-15T18:58:57.740+03:00 TRACE 18976 --- [           main] o.s.security.web.FilterChainProxy        : Invoking WebAsyncManagerIntegrationFilter (2/12)
2025-12-15T18:58:57.743+03:00 TRACE 18976 --- [           main] o.s.security.web.FilterChainProxy        : Invoking SecurityContextHolderFilter (3/12)
2025-12-15T18:58:57.745+03:00 TRACE 18976 --- [           main] o.s.security.web.FilterChainProxy        : Invoking HeaderWriterFilter (4/12)
2025-12-15T18:58:57.746+03:00 TRACE 18976 --- [           main] o.s.security.web.FilterChainProxy        : Invoking CorsFilter (5/12)
2025-12-15T18:58:57.747+03:00 TRACE 18976 --- [           main] o.s.security.web.FilterChainProxy        : Invoking LogoutFilter (6/12)
2025-12-15T18:58:57.747+03:00 TRACE 18976 --- [           main] o.s.s.w.a.logout.LogoutFilter            : Did not match request to Or [Ant [pattern='/logout', GET], Ant [pattern='/logout', POST], Ant [pattern='/logout', PUT], Ant [pattern='/logout', DELETE]]
2025-12-15T18:58:57.747+03:00 TRACE 18976 --- [           main] o.s.security.web.FilterChainProxy        : Invoking JwtAuthenticationFilter (7/12)
2025-12-15T18:58:57.747+03:00 TRACE 18976 --- [           main] o.s.security.web.FilterChainProxy        : Invoking RequestCacheAwareFilter (8/12)
2025-12-15T18:58:57.747+03:00 TRACE 18976 --- [           main] o.s.s.w.s.HttpSessionRequestCache        : matchingRequestParameterName is required for getMatchingRequest to lookup a value, but not provided
2025-12-15T18:58:57.747+03:00 TRACE 18976 --- [           main] o.s.security.web.FilterChainProxy        : Invoking SecurityContextHolderAwareRequestFilter (9/12)
2025-12-15T18:58:57.749+03:00 TRACE 18976 --- [           main] o.s.security.web.FilterChainProxy        : Invoking AnonymousAuthenticationFilter (10/12)
2025-12-15T18:58:57.749+03:00 TRACE 18976 --- [           main] o.s.security.web.FilterChainProxy        : Invoking ExceptionTranslationFilter (11/12)
2025-12-15T18:58:57.749+03:00 TRACE 18976 --- [           main] o.s.security.web.FilterChainProxy        : Invoking AuthorizationFilter (12/12)
2025-12-15T18:58:57.750+03:00 TRACE 18976 --- [           main] estMatcherDelegatingAuthorizationManager : Authorizing POST /auth/register
2025-12-15T18:58:57.751+03:00 TRACE 18976 --- [           main] estMatcherDelegatingAuthorizationManager : Checking authorization on POST /auth/register using org.springframework.security.config.annotation.web.configurers.AuthorizeHttpRequestsConfigurer$$Lambda/0x000001ce90c47c08@643b983a
2025-12-15T18:58:57.752+03:00 DEBUG 18976 --- [           main] o.s.security.web.FilterChainProxy        : Secured POST /auth/register
Hibernate: select r1_0.id,r1_0.name from role r1_0 where r1_0.name=?
Hibernate: insert into person (department,email,first_name,gender,is_deleted,last_name,login,password,status) values (?,?,?,?,?,?,?,?,?)
Hibernate: insert into person_role (role_id,person_id) values (?,?)
2025-12-15T18:58:58.117+03:00 TRACE 18976 --- [           main] o.s.s.w.header.writers.HstsHeaderWriter  : Not injecting HSTS header since it did not match request to [Is Secure]
2025-12-15T18:58:58.118+03:00 TRACE 18976 --- [           main] w.c.HttpSessionSecurityContextRepository : No HttpSession currently exists
2025-12-15T18:58:58.118+03:00 TRACE 18976 --- [           main] .s.s.w.c.SupplierDeferredSecurityContext : Created SecurityContextImpl [Null authentication]
2025-12-15T18:58:58.118+03:00 TRACE 18976 --- [           main] .s.s.w.c.SupplierDeferredSecurityContext : Created SecurityContextImpl [Null authentication]
2025-12-15T18:58:58.119+03:00 TRACE 18976 --- [           main] o.s.s.w.a.AnonymousAuthenticationFilter  : Set SecurityContextHolder to AnonymousAuthenticationToken [Principal=anonymousUser, Credentials=[PROTECTED], Authenticated=true, Details=WebAuthenticationDetails [RemoteIpAddress=127.0.0.1, SessionId=null], Granted Authorities=[ROLE_ANONYMOUS]]
2025-12-15T18:58:58.147+03:00 TRACE 18976 --- [           main] o.s.security.web.FilterChainProxy        : Trying to match request against DefaultSecurityFilterChain defined as 'securityFilterChain' in [class path resource [com/kayles/employee_management_system/config/SecurityConfig.class]] matching [any request] and having filters [DisableEncodeUrl, WebAsyncManagerIntegration, SecurityContextHolder, HeaderWriter, Cors, Logout, JwtAuthentication, RequestCacheAware, SecurityContextHolderAwareRequest, AnonymousAuthentication, ExceptionTranslation, Authorization] (1/1)
2025-12-15T18:58:58.147+03:00 DEBUG 18976 --- [           main] o.s.security.web.FilterChainProxy        : Securing POST /auth/login
2025-12-15T18:58:58.147+03:00 TRACE 18976 --- [           main] o.s.security.web.FilterChainProxy        : Invoking DisableEncodeUrlFilter (1/12)
2025-12-15T18:58:58.147+03:00 TRACE 18976 --- [           main] o.s.security.web.FilterChainProxy        : Invoking WebAsyncManagerIntegrationFilter (2/12)
2025-12-15T18:58:58.147+03:00 TRACE 18976 --- [           main] o.s.security.web.FilterChainProxy        : Invoking SecurityContextHolderFilter (3/12)
2025-12-15T18:58:58.147+03:00 TRACE 18976 --- [           main] o.s.security.web.FilterChainProxy        : Invoking HeaderWriterFilter (4/12)
2025-12-15T18:58:58.147+03:00 TRACE 18976 --- [           main] o.s.security.web.FilterChainProxy        : Invoking CorsFilter (5/12)
2025-12-15T18:58:58.147+03:00 TRACE 18976 --- [           main] o.s.security.web.FilterChainProxy        : Invoking LogoutFilter (6/12)
2025-12-15T18:58:58.147+03:00 TRACE 18976 --- [           main] o.s.s.w.a.logout.LogoutFilter            : Did not match request to Or [Ant [pattern='/logout', GET], Ant [pattern='/logout', POST], Ant [pattern='/logout', PUT], Ant [pattern='/logout', DELETE]]
2025-12-15T18:58:58.147+03:00 TRACE 18976 --- [           main] o.s.security.web.FilterChainProxy        : Invoking JwtAuthenticationFilter (7/12)
2025-12-15T18:58:58.147+03:00 TRACE 18976 --- [           main] o.s.security.web.FilterChainProxy        : Invoking RequestCacheAwareFilter (8/12)
2025-12-15T18:58:58.147+03:00 TRACE 18976 --- [           main] o.s.s.w.s.HttpSessionRequestCache        : matchingRequestParameterName is required for getMatchingRequest to lookup a value, but not provided
2025-12-15T18:58:58.147+03:00 TRACE 18976 --- [           main] o.s.security.web.FilterChainProxy        : Invoking SecurityContextHolderAwareRequestFilter (9/12)
2025-12-15T18:58:58.147+03:00 TRACE 18976 --- [           main] o.s.security.web.FilterChainProxy        : Invoking AnonymousAuthenticationFilter (10/12)
2025-12-15T18:58:58.147+03:00 TRACE 18976 --- [           main] o.s.security.web.FilterChainProxy        : Invoking ExceptionTranslationFilter (11/12)
2025-12-15T18:58:58.147+03:00 TRACE 18976 --- [           main] o.s.security.web.FilterChainProxy        : Invoking AuthorizationFilter (12/12)
2025-12-15T18:58:58.147+03:00 TRACE 18976 --- [           main] estMatcherDelegatingAuthorizationManager : Authorizing POST /auth/login
2025-12-15T18:58:58.147+03:00 TRACE 18976 --- [           main] estMatcherDelegatingAuthorizationManager : Checking authorization on POST /auth/login using org.springframework.security.config.annotation.web.configurers.AuthorizeHttpRequestsConfigurer$$Lambda/0x000001ce90c47c08@643b983a
2025-12-15T18:58:58.147+03:00 DEBUG 18976 --- [           main] o.s.security.web.FilterChainProxy        : Secured POST /auth/login
2025-12-15T18:58:58.151+03:00 TRACE 18976 --- [           main] o.s.s.authentication.ProviderManager     : Authenticating request with DaoAuthenticationProvider (1/1)
Hibernate: select p1_0.id,p1_0.department,p1_0.email,p1_0.first_name,p1_0.gender,p1_0.is_deleted,p1_0.last_name,p1_0.login,p1_0.password,p1_0.status,p1_1.image_id,p1_2.role_id from person p1_0 left join person_image p1_1 on p1_0.id=p1_1.person_id left join person_role p1_2 on p1_0.id=p1_2.person_id where p1_0.login=?
Hibernate: select r1_0.id,r1_0.name from role r1_0 where r1_0.id=?
Hibernate: select gl1_0.person_id,gl1_1.id,gl1_1.is_deleted,gl1_1.name from person_group gl1_0 join groups gl1_1 on gl1_1.id=gl1_0.group_id where gl1_0.person_id=?
2025-12-15T18:58:58.302+03:00 DEBUG 18976 --- [           main] o.s.s.a.dao.DaoAuthenticationProvider    : Authenticated user
Hibernate: select p1_0.id,p1_0.department,p1_0.email,p1_0.first_name,p1_0.gender,p1_0.is_deleted,p1_0.last_name,p1_0.login,p1_0.password,p1_0.status,p1_1.image_id,p1_2.role_id from person p1_0 left join person_image p1_1 on p1_0.id=p1_1.person_id left join person_role p1_2 on p1_0.id=p1_2.person_id where p1_0.login=?
2025-12-15T18:58:58.308+03:00 TRACE 18976 --- [           main] o.s.s.w.header.writers.HstsHeaderWriter  : Not injecting HSTS header since it did not match request to [Is Secure]
2025-12-15T18:58:58.309+03:00 TRACE 18976 --- [           main] w.c.HttpSessionSecurityContextRepository : No HttpSession currently exists
2025-12-15T18:58:58.309+03:00 TRACE 18976 --- [           main] .s.s.w.c.SupplierDeferredSecurityContext : Created SecurityContextImpl [Null authentication]
2025-12-15T18:58:58.309+03:00 TRACE 18976 --- [           main] .s.s.w.c.SupplierDeferredSecurityContext : Created SecurityContextImpl [Null authentication]
2025-12-15T18:58:58.309+03:00 TRACE 18976 --- [           main] o.s.s.w.a.AnonymousAuthenticationFilter  : Set SecurityContextHolder to AnonymousAuthenticationToken [Principal=anonymousUser, Credentials=[PROTECTED], Authenticated=true, Details=WebAuthenticationDetails [RemoteIpAddress=127.0.0.1, SessionId=null], Granted Authorities=[ROLE_ANONYMOUS]]
]]></system-out>
  </testcase>
</testsuite>