<?xml version="1.0" encoding="UTF-8"?>
<testsuite xmlns:xsi="http://www.w3.org/2001/XMLSchema-instance" xsi:noNamespaceSchemaLocation="https://maven.apache.org/surefire/maven-surefire-plugin/xsd/surefire-test-report.xsd" version="3.0.2" name="com.kayles.employee_management_system.EmployeeManagementSystemApplicationTests" time="7.723" tests="1" errors="0" skipped="0" failures="0">
  <properties>
[...]
</properties>
  <testcase name="contextLoads" classname="com.kayles.employee_management_system.EmployeeManagementSystemApplicationTests" time="0.353">
    <system-out><![CDATA[19:51:32.986 [main] INFO org.springframework.test.context.support.AnnotationConfigContextLoaderUtils -- Could not detect default configuration classes for test class [com.kayles.employee_management_system.EmployeeManagementSystemApplicationTests]: EmployeeManagementSystemApplicationTests does not declare any static, non-private, non-final, nested classes annotated with @Configuration.
19:51:33.102 [main] INFO org.springframework.boot.test.context.SpringBootTestContextBootstrapper -- Found @SpringBootConfiguration com.kayles.employee_management_system.EmployeeManagementSystemApplication for test class com.kayles.employee_management_system.EmployeeManagementSystemApplicationTests

  .   ____          _            __ _ _
 /\\ / ___'_ __ _ _(_)_ __  __ _ \ \ \ \
( ( )\___ | '_ | '_| | '_ \/ _` | \ \ \ \
 \\/  ___)| |_)| | | | | || (_| |  ) ) ) )
  '  |____| .__|_| |_|_| |_\__, | / / / /
 =========|_|==============|___/=/_/_/_/

 :: Spring Boot ::                (v3.4.3)

2025-03-04T19:51:33.627+03:00  INFO 23332 --- [           main] EmployeeManagementSystemApplicationTests : Starting EmployeeManagementSystemApplicationTests using Java 23 with PID 23332 (started by Kayles in D:\Programms\Employee-management-system)
2025-03-04T19:51:33.629+03:00  INFO 23332 --- [           main] EmployeeManagementSystemApplicationTests : No active profile set, falling back to 1 default profile: "default"
2025-03-04T19:51:34.503+03:00  INFO 23332 --- [           main] .s.d.r.c.RepositoryConfigurationDelegate : Multiple Spring Data modules found, entering strict repository configuration mode
2025-03-04T19:51:34.504+03:00  INFO 23332 --- [           main] .s.d.r.c.RepositoryConfigurationDelegate : Bootstrapping Spring Data JPA repositories in DEFAULT mode.
2025-03-04T19:51:34.587+03:00  INFO 23332 --- [           main] .s.d.r.c.RepositoryConfigurationDelegate : Finished Spring Data repository scanning in 69 ms. Found 5 JPA repository interfaces.
2025-03-04T19:51:34.630+03:00  INFO 23332 --- [           main] .s.d.r.c.RepositoryConfigurationDelegate : Multiple Spring Data modules found, entering strict repository configuration mode
2025-03-04T19:51:34.631+03:00  INFO 23332 --- [           main] .s.d.r.c.RepositoryConfigurationDelegate : Bootstrapping Spring Data MongoDB repositories in DEFAULT mode.
2025-03-04T19:51:34.642+03:00  INFO 23332 --- [           main] .RepositoryConfigurationExtensionSupport : Spring Data MongoDB - Could not safely identify store assignment for repository candidate interface com.kayles.employee_management_system.repository.EmployeeRepository; If you want this repository to be a MongoDB repository, consider annotating your entities with one of these annotations: org.springframework.data.mongodb.core.mapping.Document (preferred), or consider extending one of the following types with your repository: org.springframework.data.mongodb.repository.MongoRepository
2025-03-04T19:51:34.642+03:00  INFO 23332 --- [           main] .RepositoryConfigurationExtensionSupport : Spring Data MongoDB - Could not safely identify store assignment for repository candidate interface com.kayles.employee_management_system.repository.GroupRepository; If you want this repository to be a MongoDB repository, consider annotating your entities with one of these annotations: org.springframework.data.mongodb.core.mapping.Document (preferred), or consider extending one of the following types with your repository: org.springframework.data.mongodb.repository.MongoRepository
2025-03-04T19:51:34.642+03:00  INFO 23332 --- [           main] .RepositoryConfigurationExtensionSupport : Spring Data MongoDB - Could not safely identify store assignment for repository candidate interface com.kayles.employee_management_system.repository.ImageRepository; If you want this repository to be a MongoDB repository, consider annotating your entities with one of these annotations: org.springframework.data.mongodb.core.mapping.Document (preferred), or consider extending one of the following types with your repository: org.springframework.data.mongodb.repository.MongoRepository
2025-03-04T19:51:34.643+03:00  INFO 23332 --- [           main] .RepositoryConfigurationExtensionSupport : Spring Data MongoDB - Could not safely identify store assignment for repository candidate interface com.kayles.employee_management_system.repository.ManagerRepository; If you want this repository to be a MongoDB repository, consider annotating your entities with one of these annotations: org.springframework.data.mongodb.core.mapping.Document (preferred), or consider extending one of the following types with your repository: org.springframework.data.mongodb.repository.MongoRepository
2025-03-04T19:51:34.643+03:00  INFO 23332 --- [           main] .RepositoryConfigurationExtensionSupport : Spring Data MongoDB - Could not safely identify store assignment for repository candidate interface com.kayles.employee_management_system.repository.PersonRepository; If you want this repository to be a MongoDB repository, consider annotating your entities with one of these annotations: org.springframework.data.mongodb.core.mapping.Document (preferred), or consider extending one of the following types with your repository: org.springframework.data.mongodb.repository.MongoRepository
2025-03-04T19:51:34.643+03:00  INFO 23332 --- [           main] .s.d.r.c.RepositoryConfigurationDelegate : Finished Spring Data repository scanning in 11 ms. Found 0 MongoDB repository interfaces.
2025-03-04T19:51:35.020+03:00  WARN 23332 --- [           main] trationDelegate$BeanPostProcessorChecker : Bean 'org.springframework.ws.config.annotation.DelegatingWsConfiguration' of type [org.springframework.ws.config.annotation.DelegatingWsConfiguration$$SpringCGLIB$$0] is not eligible for getting processed by all BeanPostProcessors (for example: not eligible for auto-proxying). The currently created BeanPostProcessor [annotationActionEndpointMapping] is declared through a non-static factory method on that class; consider declaring it as static instead.
2025-03-04T19:51:35.066+03:00  INFO 23332 --- [           main] .w.s.a.s.AnnotationActionEndpointMapping : Supporting [WS-Addressing August 2004, WS-Addressing 1.0]
2025-03-04T19:51:35.268+03:00  INFO 23332 --- [           main] com.zaxxer.hikari.HikariDataSource       : HikariPool-1 - Starting...
2025-03-04T19:51:35.476+03:00  INFO 23332 --- [           main] com.zaxxer.hikari.pool.HikariPool        : HikariPool-1 - Added connection org.postgresql.jdbc.PgConnection@b7d2d51
2025-03-04T19:51:35.477+03:00  INFO 23332 --- [           main] com.zaxxer.hikari.HikariDataSource       : HikariPool-1 - Start completed.
2025-03-04T19:51:35.729+03:00  INFO 23332 --- [           main] liquibase.ui                             : INFO: The drop-all command may result in unrecoverable destructive changes to objects at 'jdbc:postgresql://localhost:5432/Employees-management-system'.
To protect against unwanted drops, set --requireForce=true, which will require a --force=true flag on the command.
Learn more at https://docs.liquibase.com/dropall.

2025-03-04T19:51:35.880+03:00  INFO 23332 --- [           main] liquibase.lockservice                    : Successfully acquired change log lock
2025-03-04T19:51:35.886+03:00  INFO 23332 --- [           main] liquibase.command                        : Dropping Database Objects in schema: Employees-management-system.public
2025-03-04T19:51:35.891+03:00  INFO 23332 --- [           main] liquibase.snapshot                       : Creating snapshot
2025-03-04T19:51:36.050+03:00  WARN 23332 --- [           main] liquibase.executor                       : удаление распространяется на ещё 2 объекта
2025-03-04T19:51:36.058+03:00  WARN 23332 --- [           main] liquibase.executor                       : удаление распространяется на объект ограничение fk_manager_employee_manager в отношении таблица manager_employee
2025-03-04T19:51:36.064+03:00  WARN 23332 --- [           main] liquibase.executor                       : удаление распространяется на объект ограничение fk_group_person_group в отношении таблица group_person
2025-03-04T19:51:36.070+03:00  WARN 23332 --- [           main] liquibase.executor                       : удаление распространяется на объект ограничение fk_manager_employee_employee в отношении таблица manager_employee
2025-03-04T19:51:36.340+03:00  INFO 23332 --- [           main] liquibase.database                       : Successfully deleted all supported object types in schema Employees-management-system.public.
2025-03-04T19:51:36.343+03:00  WARN 23332 --- [           main] liquibase.lockservice                    : Failed to release change log lock
2025-03-04T19:51:36.344+03:00  INFO 23332 --- [           main] liquibase.ui                             : All objects dropped from Admin@jdbc:postgresql://localhost:5432/Employees-management-system
2025-03-04T19:51:36.345+03:00  INFO 23332 --- [           main] liquibase.command                        : Command execution complete
2025-03-04T19:51:36.623+03:00  INFO 23332 --- [           main] liquibase.changelog                      : Creating database history table with name: public.databasechangelog
2025-03-04T19:51:36.640+03:00  INFO 23332 --- [           main] liquibase.changelog                      : Reading from public.databasechangelog
2025-03-04T19:51:36.724+03:00  INFO 23332 --- [           main] liquibase.lockservice                    : Successfully acquired change log lock
2025-03-04T19:51:36.725+03:00  INFO 23332 --- [           main] liquibase.command                        : Using deploymentId: 1107096724
2025-03-04T19:51:36.726+03:00  INFO 23332 --- [           main] liquibase.changelog                      : Reading from public.databasechangelog
2025-03-04T19:51:36.760+03:00  INFO 23332 --- [           main] liquibase.ui                             : Running Changeset: db/changelog/initial/001.creare-person-table.xml::create-person-table::Kayles
2025-03-04T19:51:36.774+03:00  INFO 23332 --- [           main] liquibase.changelog                      : Table person created
2025-03-04T19:51:36.776+03:00  INFO 23332 --- [           main] liquibase.changelog                      : ChangeSet db/changelog/initial/001.creare-person-table.xml::create-person-table::Kayles ran successfully in 14ms
2025-03-04T19:51:36.783+03:00  INFO 23332 --- [           main] liquibase.ui                             : Running Changeset: db/changelog/initial/002.create-group-table.xml::create-group-table::Kayles
2025-03-04T19:51:36.788+03:00  INFO 23332 --- [           main] liquibase.changelog                      : Table group created
2025-03-04T19:51:36.790+03:00  INFO 23332 --- [           main] liquibase.changelog                      : ChangeSet db/changelog/initial/002.create-group-table.xml::create-group-table::Kayles ran successfully in 6ms
2025-03-04T19:51:36.792+03:00  INFO 23332 --- [           main] liquibase.ui                             : Running Changeset: db/changelog/initial/003.create-employee-table.xml::create-employee-table::Kayles
2025-03-04T19:51:36.797+03:00  INFO 23332 --- [           main] liquibase.changelog                      : Table employee created
2025-03-04T19:51:36.799+03:00  INFO 23332 --- [           main] liquibase.changelog                      : ChangeSet db/changelog/initial/003.create-employee-table.xml::create-employee-table::Kayles ran successfully in 5ms
2025-03-04T19:51:36.802+03:00  INFO 23332 --- [           main] liquibase.ui                             : Running Changeset: db/changelog/initial/004.create-manager-table.xml::create-manager-table::admin
2025-03-04T19:51:36.807+03:00  INFO 23332 --- [           main] liquibase.changelog                      : Table manager created
2025-03-04T19:51:36.808+03:00  INFO 23332 --- [           main] liquibase.changelog                      : ChangeSet db/changelog/initial/004.create-manager-table.xml::create-manager-table::admin ran successfully in 5ms
2025-03-04T19:51:36.812+03:00  INFO 23332 --- [           main] liquibase.ui                             : Running Changeset: db/changelog/initial/005.create-image-table.xml::create-image-table::admin
2025-03-04T19:51:36.817+03:00  INFO 23332 --- [           main] liquibase.changelog                      : Table image created
2025-03-04T19:51:36.819+03:00  INFO 23332 --- [           main] liquibase.changelog                      : ChangeSet db/changelog/initial/005.create-image-table.xml::create-image-table::admin ran successfully in 6ms
2025-03-04T19:51:36.822+03:00  INFO 23332 --- [           main] liquibase.ui                             : Running Changeset: db/changelog/initial/006.create-manager-employee-table.xml::create-manager-employee-table::admin
2025-03-04T19:51:36.828+03:00  INFO 23332 --- [           main] liquibase.changelog                      : Table manager_employee created
2025-03-04T19:51:36.829+03:00  INFO 23332 --- [           main] liquibase.changelog                      : ChangeSet db/changelog/initial/006.create-manager-employee-table.xml::create-manager-employee-table::admin ran successfully in 6ms
2025-03-04T19:51:36.832+03:00  INFO 23332 --- [           main] liquibase.ui                             : Running Changeset: db/changelog/initial/007.create-group-person-table.xml::create-group-person-table::admin
2025-03-04T19:51:36.837+03:00  INFO 23332 --- [           main] liquibase.changelog                      : Table group_person created
2025-03-04T19:51:36.838+03:00  INFO 23332 --- [           main] liquibase.changelog                      : ChangeSet db/changelog/initial/007.create-group-person-table.xml::create-group-person-table::admin ran successfully in 5ms
2025-03-04T19:51:36.841+03:00  INFO 23332 --- [           main] liquibase.ui                             : Running Changeset: db/changelog/initial/008.add-foreign-key.xml::add-foreign-key::admin
2025-03-04T19:51:36.846+03:00  INFO 23332 --- [           main] liquibase.changelog                      : Foreign key constraint added to person (image_id)
2025-03-04T19:51:36.848+03:00  INFO 23332 --- [           main] liquibase.changelog                      : Foreign key constraint added to employee (id)
2025-03-04T19:51:36.851+03:00  INFO 23332 --- [           main] liquibase.changelog                      : Foreign key constraint added to manager (id)
2025-03-04T19:51:36.853+03:00  INFO 23332 --- [           main] liquibase.changelog                      : Foreign key constraint added to manager_employee (manager_id)
2025-03-04T19:51:36.854+03:00  INFO 23332 --- [           main] liquibase.changelog                      : Foreign key constraint added to manager_employee (employee_id)
2025-03-04T19:51:36.857+03:00  INFO 23332 --- [           main] liquibase.changelog                      : Foreign key constraint added to group_person (group_id)
2025-03-04T19:51:36.858+03:00  INFO 23332 --- [           main] liquibase.changelog                      : ChangeSet db/changelog/initial/008.add-foreign-key.xml::add-foreign-key::admin ran successfully in 17ms
2025-03-04T19:51:36.861+03:00  INFO 23332 --- [           main] liquibase.ui                             : Running Changeset: db/changelog/initial/009.insert-values.xml::insert-values::Kayles
2025-03-04T19:51:36.871+03:00  INFO 23332 --- [           main] liquibase.changelog                      : Custom SQL executed
2025-03-04T19:51:36.874+03:00  INFO 23332 --- [           main] liquibase.changelog                      : Custom SQL executed
2025-03-04T19:51:36.880+03:00  INFO 23332 --- [           main] liquibase.changelog                      : Custom SQL executed
2025-03-04T19:51:36.883+03:00  INFO 23332 --- [           main] liquibase.changelog                      : Custom SQL executed
2025-03-04T19:51:36.885+03:00  INFO 23332 --- [           main] liquibase.changelog                      : Custom SQL executed
2025-03-04T19:51:36.889+03:00  INFO 23332 --- [           main] liquibase.changelog                      : Custom SQL executed
2025-03-04T19:51:36.893+03:00  INFO 23332 --- [           main] liquibase.changelog                      : Custom SQL executed
2025-03-04T19:51:36.894+03:00  INFO 23332 --- [           main] liquibase.changelog                      : ChangeSet db/changelog/initial/009.insert-values.xml::insert-values::Kayles ran successfully in 33ms
2025-03-04T19:51:36.904+03:00  INFO 23332 --- [           main] liquibase.util                           : UPDATE SUMMARY
2025-03-04T19:51:36.904+03:00  INFO 23332 --- [           main] liquibase.util                           : Run:                          9
2025-03-04T19:51:36.904+03:00  INFO 23332 --- [           main] liquibase.util                           : Previously run:               0
2025-03-04T19:51:36.904+03:00  INFO 23332 --- [           main] liquibase.util                           : Filtered out:                 0
2025-03-04T19:51:36.904+03:00  INFO 23332 --- [           main] liquibase.util                           : -------------------------------
2025-03-04T19:51:36.904+03:00  INFO 23332 --- [           main] liquibase.util                           : Total change sets:            9
2025-03-04T19:51:36.905+03:00  INFO 23332 --- [           main] liquibase.util                           : Update summary generated
2025-03-04T19:51:36.907+03:00  INFO 23332 --- [           main] liquibase.command                        : Update command completed successfully.
2025-03-04T19:51:36.909+03:00  INFO 23332 --- [           main] liquibase.ui                             : Liquibase: Update has been successful. Rows affected: 29
2025-03-04T19:51:36.911+03:00  INFO 23332 --- [           main] liquibase.lockservice                    : Successfully released change log lock
2025-03-04T19:51:36.912+03:00  INFO 23332 --- [           main] liquibase.command                        : Command execution complete
2025-03-04T19:51:37.072+03:00  INFO 23332 --- [           main] o.hibernate.jpa.internal.util.LogHelper  : HHH000204: Processing PersistenceUnitInfo [name: default]
2025-03-04T19:51:37.148+03:00  INFO 23332 --- [           main] org.hibernate.Version                    : HHH000412: Hibernate ORM core version 6.6.8.Final
2025-03-04T19:51:37.198+03:00  INFO 23332 --- [           main] o.h.c.internal.RegionFactoryInitiator    : HHH000026: Second-level cache disabled
2025-03-04T19:51:37.566+03:00  INFO 23332 --- [           main] o.s.o.j.p.SpringPersistenceUnitInfo      : No LoadTimeWeaver setup: ignoring JPA class transformer
2025-03-04T19:51:37.636+03:00  INFO 23332 --- [           main] org.hibernate.orm.connections.pooling    : HHH10001005: Database info:
	Database JDBC URL [Connecting through datasource 'HikariDataSource (HikariPool-1)']
	Database driver: undefined/unknown
	Database version: 17.3
	Autocommit mode: undefined/unknown
	Isolation level: undefined/unknown
	Minimum pool size: undefined/unknown
	Maximum pool size: undefined/unknown
2025-03-04T19:51:38.555+03:00  INFO 23332 --- [           main] o.h.e.t.j.p.i.JtaPlatformInitiator       : HHH000489: No JTA platform available (set 'hibernate.transaction.jta.platform' to enable JTA platform integration)
2025-03-04T19:51:38.557+03:00  INFO 23332 --- [           main] j.LocalContainerEntityManagerFactoryBean : Initialized JPA EntityManagerFactory for persistence unit 'default'
2025-03-04T19:51:39.095+03:00  WARN 23332 --- [           main] JpaBaseConfiguration$JpaWebConfiguration : spring.jpa.open-in-view is enabled by default. Therefore, database queries may be performed during view rendering. Explicitly configure spring.jpa.open-in-view to disable this warning
2025-03-04T19:51:39.703+03:00  INFO 23332 --- [localhost:27017] org.mongodb.driver.cluster               : Exception in monitor thread while connecting to server localhost:27017

com.mongodb.MongoSocketOpenException: Exception opening socket
	at com.mongodb.internal.connection.SocketStream.lambda$open$0(SocketStream.java:85) ~[mongodb-driver-core-5.2.1.jar:na]
	at java.base/java.util.Optional.orElseThrow(Optional.java:403) ~[na:na]
	at com.mongodb.internal.connection.SocketStream.open(SocketStream.java:85) ~[mongodb-driver-core-5.2.1.jar:na]
	at com.mongodb.internal.connection.InternalStreamConnection.open(InternalStreamConnection.java:233) ~[mongodb-driver-core-5.2.1.jar:na]
	at com.mongodb.internal.connection.DefaultServerMonitor$ServerMonitor.lookupServerDescription(DefaultServerMonitor.java:219) ~[mongodb-driver-core-5.2.1.jar:na]
	at com.mongodb.internal.connection.DefaultServerMonitor$ServerMonitor.run(DefaultServerMonitor.java:176) ~[mongodb-driver-core-5.2.1.jar:na]
Caused by: java.net.ConnectException: Connection refused: getsockopt
	at java.base/sun.nio.ch.Net.pollConnect(Native Method) ~[na:na]
	at java.base/sun.nio.ch.Net.pollConnectNow(Net.java:682) ~[na:na]
	at java.base/sun.nio.ch.NioSocketImpl.timedFinishConnect(NioSocketImpl.java:542) ~[na:na]
	at java.base/sun.nio.ch.NioSocketImpl.connect(NioSocketImpl.java:592) ~[na:na]
	at java.base/java.net.SocksSocketImpl.connect(SocksSocketImpl.java:327) ~[na:na]
	at java.base/java.net.Socket.connect(Socket.java:760) ~[na:na]
	at com.mongodb.internal.connection.SocketStreamHelper.initialize(SocketStreamHelper.java:76) ~[mongodb-driver-core-5.2.1.jar:na]
	at com.mongodb.internal.connection.SocketStream.initializeSocket(SocketStream.java:104) ~[mongodb-driver-core-5.2.1.jar:na]
	at com.mongodb.internal.connection.SocketStream.open(SocketStream.java:79) ~[mongodb-driver-core-5.2.1.jar:na]
	... 3 common frames omitted

2025-03-04T19:51:39.709+03:00  INFO 23332 --- [           main] org.mongodb.driver.client                : MongoClient with metadata {"driver": {"name": "mongo-java-driver|sync|spring-boot", "version": "5.2.1"}, "os": {"type": "Windows", "name": "Windows 11", "architecture": "amd64", "version": "10.0"}, "platform": "Java/Oracle Corporation/23+37-2369"} created with settings MongoClientSettings{readPreference=primary, writeConcern=WriteConcern{w=null, wTimeout=null ms, journal=null}, retryWrites=true, retryReads=true, readConcern=ReadConcern{level=null}, credential=null, transportSettings=null, commandListeners=[], codecRegistry=ProvidersCodecRegistry{codecProviders=[ValueCodecProvider{}, BsonValueCodecProvider{}, DBRefCodecProvider{}, DBObjectCodecProvider{}, DocumentCodecProvider{}, CollectionCodecProvider{}, IterableCodecProvider{}, MapCodecProvider{}, GeoJsonCodecProvider{}, GridFSFileCodecProvider{}, Jsr310CodecProvider{}, JsonObjectCodecProvider{}, BsonCodecProvider{}, EnumCodecProvider{}, com.mongodb.client.model.mql.ExpressionCodecProvider@5c74025e, com.mongodb.Jep395RecordCodecProvider@4467c026, com.mongodb.KotlinCodecProvider@29db9746]}, loggerSettings=LoggerSettings{maxDocumentLength=1000}, clusterSettings={hosts=[localhost:27017], srvServiceName=mongodb, mode=SINGLE, requiredClusterType=UNKNOWN, requiredReplicaSetName='null', serverSelector='null', clusterListeners='[]', serverSelectionTimeout='30000 ms', localThreshold='15 ms'}, socketSettings=SocketSettings{connectTimeoutMS=10000, readTimeoutMS=0, receiveBufferSize=0, proxySettings=ProxySettings{host=null, port=null, username=null, password=null}}, heartbeatSocketSettings=SocketSettings{connectTimeoutMS=10000, readTimeoutMS=10000, receiveBufferSize=0, proxySettings=ProxySettings{host=null, port=null, username=null, password=null}}, connectionPoolSettings=ConnectionPoolSettings{maxSize=100, minSize=0, maxWaitTimeMS=120000, maxConnectionLifeTimeMS=0, maxConnectionIdleTimeMS=0, maintenanceInitialDelayMS=0, maintenanceFrequencyMS=60000, connectionPoolListeners=[], maxConnecting=2}, serverSettings=ServerSettings{heartbeatFrequencyMS=10000, minHeartbeatFrequencyMS=500, serverMonitoringMode=AUTO, serverListeners='[]', serverMonitorListeners='[]'}, sslSettings=SslSettings{enabled=false, invalidHostNameAllowed=false, context=null}, applicationName='null', compressorList=[], uuidRepresentation=JAVA_LEGACY, serverApi=null, autoEncryptionSettings=null, dnsClient=null, inetAddressResolver=null, contextProvider=null, timeoutMS=null}
2025-03-04T19:51:39.951+03:00 TRACE 23332 --- [           main] eGlobalAuthenticationAutowiredConfigurer : Eagerly initializing {org.springframework.boot.autoconfigure.security.servlet.SpringBootWebSecurityConfiguration$WebSecurityEnablerConfiguration=org.springframework.boot.autoconfigure.security.servlet.SpringBootWebSecurityConfiguration$WebSecurityEnablerConfiguration@c8dc1ef}
2025-03-04T19:51:39.959+03:00  WARN 23332 --- [           main] .s.s.UserDetailsServiceAutoConfiguration : 

Using generated security password: b1b7ffde-3ec3-4c97-85da-36235bd18b39

This generated password is for development use only. Your security configuration must be updated before running your application in production.

2025-03-04T19:51:39.975+03:00  INFO 23332 --- [           main] r$InitializeUserDetailsManagerConfigurer : Global AuthenticationManager configured with UserDetailsService bean with name inMemoryUserDetailsManager
2025-03-04T19:51:40.106+03:00 DEBUG 23332 --- [           main] o.s.s.web.DefaultSecurityFilterChain     : Will secure any request with filters: DisableEncodeUrlFilter, WebAsyncManagerIntegrationFilter, SecurityContextHolderFilter, HeaderWriterFilter, CsrfFilter, LogoutFilter, UsernamePasswordAuthenticationFilter, DefaultResourcesFilter, DefaultLoginPageGeneratingFilter, DefaultLogoutPageGeneratingFilter, BasicAuthenticationFilter, RequestCacheAwareFilter, SecurityContextHolderAwareRequestFilter, AnonymousAuthenticationFilter, ExceptionTranslationFilter, AuthorizationFilter
2025-03-04T19:51:40.184+03:00  INFO 23332 --- [           main] EmployeeManagementSystemApplicationTests : Started EmployeeManagementSystemApplicationTests in 6.919 seconds (process running for 7.965)
]]></system-out>
    <system-err><![CDATA[Mockito is currently self-attaching to enable the inline-mock-maker. This will no longer work in future releases of the JDK. Please add Mockito as an agent to your build what is described in Mockito's documentation: https://javadoc.io/doc/org.mockito/mockito-core/latest/org/mockito/Mockito.html#0.3
WARNING: A Java agent has been loaded dynamically (C:\Users\Kayles\.m2\repository\net\bytebuddy\byte-buddy-agent\1.15.11\byte-buddy-agent-1.15.11.jar)
WARNING: If a serviceability tool is in use, please run with -XX:+EnableDynamicAgentLoading to hide this warning
WARNING: If a serviceability tool is not in use, please run with -Djdk.instrument.traceUsage for more information
WARNING: Dynamic loading of agents will be disallowed by default in a future release
]]></system-err>
  </testcase>
</testsuite>