<?xml version="1.0" encoding="UTF-8"?>
<testsuite xmlns:xsi="http://www.w3.org/2001/XMLSchema-instance" xsi:noNamespaceSchemaLocation="https://maven.apache.org/surefire/maven-surefire-plugin/xsd/surefire-test-report.xsd" version="3.0.2" name="com.kayles.employee_management_system.EmployeeManagementSystemApplicationTests" time="8.397" tests="1" errors="0" skipped="0" failures="0">
  <properties>
[...]
</properties>
  <testcase name="contextLoads" classname="com.kayles.employee_management_system.EmployeeManagementSystemApplicationTests" time="0.44">
    <system-out><![CDATA[01:44:44.241 [main] INFO org.springframework.test.context.support.AnnotationConfigContextLoaderUtils -- Could not detect default configuration classes for test class [com.kayles.employee_management_system.EmployeeManagementSystemApplicationTests]: EmployeeManagementSystemApplicationTests does not declare any static, non-private, non-final, nested classes annotated with @Configuration.
01:44:44.385 [main] INFO org.springframework.boot.test.context.SpringBootTestContextBootstrapper -- Found @SpringBootConfiguration com.kayles.employee_management_system.EmployeeManagementSystemApplication for test class com.kayles.employee_management_system.EmployeeManagementSystemApplicationTests

  .   ____          _            __ _ _
 /\\ / ___'_ __ _ _(_)_ __  __ _ \ \ \ \
( ( )\___ | '_ | '_| | '_ \/ _` | \ \ \ \
 \\/  ___)| |_)| | | | | || (_| |  ) ) ) )
  '  |____| .__|_| |_|_| |_\__, | / / / /
 =========|_|==============|___/=/_/_/_/

 :: Spring Boot ::                (v3.4.3)

2025-03-05T01:44:44.911+03:00  INFO 24592 --- [           main] EmployeeManagementSystemApplicationTests : Starting EmployeeManagementSystemApplicationTests using Java 23 with PID 24592 (started by Kayles in D:\Programms\Employee-management-system)
2025-03-05T01:44:44.912+03:00  INFO 24592 --- [           main] EmployeeManagementSystemApplicationTests : No active profile set, falling back to 1 default profile: "default"
2025-03-05T01:44:45.811+03:00  INFO 24592 --- [           main] .s.d.r.c.RepositoryConfigurationDelegate : Multiple Spring Data modules found, entering strict repository configuration mode
2025-03-05T01:44:45.813+03:00  INFO 24592 --- [           main] .s.d.r.c.RepositoryConfigurationDelegate : Bootstrapping Spring Data JPA repositories in DEFAULT mode.
2025-03-05T01:44:45.898+03:00  INFO 24592 --- [           main] .s.d.r.c.RepositoryConfigurationDelegate : Finished Spring Data repository scanning in 73 ms. Found 5 JPA repository interfaces.
2025-03-05T01:44:45.944+03:00  INFO 24592 --- [           main] .s.d.r.c.RepositoryConfigurationDelegate : Multiple Spring Data modules found, entering strict repository configuration mode
2025-03-05T01:44:45.944+03:00  INFO 24592 --- [           main] .s.d.r.c.RepositoryConfigurationDelegate : Bootstrapping Spring Data MongoDB repositories in DEFAULT mode.
2025-03-05T01:44:45.954+03:00  INFO 24592 --- [           main] .RepositoryConfigurationExtensionSupport : Spring Data MongoDB - Could not safely identify store assignment for repository candidate interface com.kayles.employee_management_system.repository.EmployeeRepository; If you want this repository to be a MongoDB repository, consider annotating your entities with one of these annotations: org.springframework.data.mongodb.core.mapping.Document (preferred), or consider extending one of the following types with your repository: org.springframework.data.mongodb.repository.MongoRepository
2025-03-05T01:44:45.955+03:00  INFO 24592 --- [           main] .RepositoryConfigurationExtensionSupport : Spring Data MongoDB - Could not safely identify store assignment for repository candidate interface com.kayles.employee_management_system.repository.GroupRepository; If you want this repository to be a MongoDB repository, consider annotating your entities with one of these annotations: org.springframework.data.mongodb.core.mapping.Document (preferred), or consider extending one of the following types with your repository: org.springframework.data.mongodb.repository.MongoRepository
2025-03-05T01:44:45.955+03:00  INFO 24592 --- [           main] .RepositoryConfigurationExtensionSupport : Spring Data MongoDB - Could not safely identify store assignment for repository candidate interface com.kayles.employee_management_system.repository.ImageRepository; If you want this repository to be a MongoDB repository, consider annotating your entities with one of these annotations: org.springframework.data.mongodb.core.mapping.Document (preferred), or consider extending one of the following types with your repository: org.springframework.data.mongodb.repository.MongoRepository
2025-03-05T01:44:45.955+03:00  INFO 24592 --- [           main] .RepositoryConfigurationExtensionSupport : Spring Data MongoDB - Could not safely identify store assignment for repository candidate interface com.kayles.employee_management_system.repository.ManagerRepository; If you want this repository to be a MongoDB repository, consider annotating your entities with one of these annotations: org.springframework.data.mongodb.core.mapping.Document (preferred), or consider extending one of the following types with your repository: org.springframework.data.mongodb.repository.MongoRepository
2025-03-05T01:44:45.955+03:00  INFO 24592 --- [           main] .RepositoryConfigurationExtensionSupport : Spring Data MongoDB - Could not safely identify store assignment for repository candidate interface com.kayles.employee_management_system.repository.PersonRepository; If you want this repository to be a MongoDB repository, consider annotating your entities with one of these annotations: org.springframework.data.mongodb.core.mapping.Document (preferred), or consider extending one of the following types with your repository: org.springframework.data.mongodb.repository.MongoRepository
2025-03-05T01:44:45.955+03:00  INFO 24592 --- [           main] .s.d.r.c.RepositoryConfigurationDelegate : Finished Spring Data repository scanning in 9 ms. Found 0 MongoDB repository interfaces.
2025-03-05T01:44:46.381+03:00  WARN 24592 --- [           main] trationDelegate$BeanPostProcessorChecker : Bean 'org.springframework.ws.config.annotation.DelegatingWsConfiguration' of type [org.springframework.ws.config.annotation.DelegatingWsConfiguration$$SpringCGLIB$$0] is not eligible for getting processed by all BeanPostProcessors (for example: not eligible for auto-proxying). The currently created BeanPostProcessor [annotationActionEndpointMapping] is declared through a non-static factory method on that class; consider declaring it as static instead.
2025-03-05T01:44:46.422+03:00  INFO 24592 --- [           main] .w.s.a.s.AnnotationActionEndpointMapping : Supporting [WS-Addressing August 2004, WS-Addressing 1.0]
2025-03-05T01:44:46.627+03:00  INFO 24592 --- [           main] com.zaxxer.hikari.HikariDataSource       : HikariPool-1 - Starting...
2025-03-05T01:44:46.870+03:00  INFO 24592 --- [           main] com.zaxxer.hikari.pool.HikariPool        : HikariPool-1 - Added connection org.postgresql.jdbc.PgConnection@7e18ced7
2025-03-05T01:44:46.873+03:00  INFO 24592 --- [           main] com.zaxxer.hikari.HikariDataSource       : HikariPool-1 - Start completed.
2025-03-05T01:44:47.236+03:00  INFO 24592 --- [           main] liquibase.ui                             : INFO: The drop-all command may result in unrecoverable destructive changes to objects at 'jdbc:postgresql://localhost:5432/Employees-management-system'.
To protect against unwanted drops, set --requireForce=true, which will require a --force=true flag on the command.
Learn more at https://docs.liquibase.com/dropall.

2025-03-05T01:44:47.359+03:00  INFO 24592 --- [           main] liquibase.lockservice                    : Successfully acquired change log lock
2025-03-05T01:44:47.366+03:00  INFO 24592 --- [           main] liquibase.command                        : Dropping Database Objects in schema: Employees-management-system.public
2025-03-05T01:44:47.372+03:00  INFO 24592 --- [           main] liquibase.snapshot                       : Creating snapshot
2025-03-05T01:44:47.531+03:00  WARN 24592 --- [           main] liquibase.executor                       : удаление распространяется на ещё 2 объекта
2025-03-05T01:44:47.537+03:00  WARN 24592 --- [           main] liquibase.executor                       : удаление распространяется на объект ограничение fk_manager_employee_manager в отношении таблица manager_employee
2025-03-05T01:44:47.541+03:00  WARN 24592 --- [           main] liquibase.executor                       : удаление распространяется на объект ограничение fk_group_person_group в отношении таблица group_person
2025-03-05T01:44:47.546+03:00  WARN 24592 --- [           main] liquibase.executor                       : удаление распространяется на объект ограничение fk_manager_employee_employee в отношении таблица manager_employee
2025-03-05T01:44:47.807+03:00  INFO 24592 --- [           main] liquibase.database                       : Successfully deleted all supported object types in schema Employees-management-system.public.
2025-03-05T01:44:47.812+03:00  WARN 24592 --- [           main] liquibase.lockservice                    : Failed to release change log lock
2025-03-05T01:44:47.814+03:00  INFO 24592 --- [           main] liquibase.ui                             : All objects dropped from Admin@jdbc:postgresql://localhost:5432/Employees-management-system
2025-03-05T01:44:47.815+03:00  INFO 24592 --- [           main] liquibase.command                        : Command execution complete
2025-03-05T01:44:48.091+03:00  INFO 24592 --- [           main] liquibase.changelog                      : Creating database history table with name: public.databasechangelog
2025-03-05T01:44:48.106+03:00  INFO 24592 --- [           main] liquibase.changelog                      : Reading from public.databasechangelog
2025-03-05T01:44:48.210+03:00  INFO 24592 --- [           main] liquibase.lockservice                    : Successfully acquired change log lock
2025-03-05T01:44:48.211+03:00  INFO 24592 --- [           main] liquibase.command                        : Using deploymentId: 1128288211
2025-03-05T01:44:48.214+03:00  INFO 24592 --- [           main] liquibase.changelog                      : Reading from public.databasechangelog
2025-03-05T01:44:48.241+03:00  INFO 24592 --- [           main] liquibase.ui                             : Running Changeset: db/changelog/initial/001.creare-person-table.xml::create-person-table::Kayles
2025-03-05T01:44:48.255+03:00  INFO 24592 --- [           main] liquibase.changelog                      : Table person created
2025-03-05T01:44:48.257+03:00  INFO 24592 --- [           main] liquibase.changelog                      : ChangeSet db/changelog/initial/001.creare-person-table.xml::create-person-table::Kayles ran successfully in 13ms
2025-03-05T01:44:48.262+03:00  INFO 24592 --- [           main] liquibase.ui                             : Running Changeset: db/changelog/initial/002.create-group-table.xml::create-group-table::Kayles
2025-03-05T01:44:48.267+03:00  INFO 24592 --- [           main] liquibase.changelog                      : Table group created
2025-03-05T01:44:48.268+03:00  INFO 24592 --- [           main] liquibase.changelog                      : ChangeSet db/changelog/initial/002.create-group-table.xml::create-group-table::Kayles ran successfully in 6ms
2025-03-05T01:44:48.270+03:00  INFO 24592 --- [           main] liquibase.ui                             : Running Changeset: db/changelog/initial/003.create-employee-table.xml::create-employee-table::Kayles
2025-03-05T01:44:48.276+03:00  INFO 24592 --- [           main] liquibase.changelog                      : Table employee created
2025-03-05T01:44:48.276+03:00  INFO 24592 --- [           main] liquibase.changelog                      : ChangeSet db/changelog/initial/003.create-employee-table.xml::create-employee-table::Kayles ran successfully in 6ms
2025-03-05T01:44:48.279+03:00  INFO 24592 --- [           main] liquibase.ui                             : Running Changeset: db/changelog/initial/004.create-manager-table.xml::create-manager-table::admin
2025-03-05T01:44:48.284+03:00  INFO 24592 --- [           main] liquibase.changelog                      : Table manager created
2025-03-05T01:44:48.285+03:00  INFO 24592 --- [           main] liquibase.changelog                      : ChangeSet db/changelog/initial/004.create-manager-table.xml::create-manager-table::admin ran successfully in 6ms
2025-03-05T01:44:48.288+03:00  INFO 24592 --- [           main] liquibase.ui                             : Running Changeset: db/changelog/initial/005.create-image-table.xml::create-image-table::admin
2025-03-05T01:44:48.293+03:00  INFO 24592 --- [           main] liquibase.changelog                      : Table image created
2025-03-05T01:44:48.294+03:00  INFO 24592 --- [           main] liquibase.changelog                      : ChangeSet db/changelog/initial/005.create-image-table.xml::create-image-table::admin ran successfully in 5ms
2025-03-05T01:44:48.297+03:00  INFO 24592 --- [           main] liquibase.ui                             : Running Changeset: db/changelog/initial/006.create-manager-employee-table.xml::create-manager-employee-table::admin
2025-03-05T01:44:48.301+03:00  INFO 24592 --- [           main] liquibase.changelog                      : Table manager_employee created
2025-03-05T01:44:48.302+03:00  INFO 24592 --- [           main] liquibase.changelog                      : ChangeSet db/changelog/initial/006.create-manager-employee-table.xml::create-manager-employee-table::admin ran successfully in 4ms
2025-03-05T01:44:48.305+03:00  INFO 24592 --- [           main] liquibase.ui                             : Running Changeset: db/changelog/initial/007.create-group-person-table.xml::create-group-person-table::admin
2025-03-05T01:44:48.309+03:00  INFO 24592 --- [           main] liquibase.changelog                      : Table group_person created
2025-03-05T01:44:48.311+03:00  INFO 24592 --- [           main] liquibase.changelog                      : ChangeSet db/changelog/initial/007.create-group-person-table.xml::create-group-person-table::admin ran successfully in 6ms
2025-03-05T01:44:48.314+03:00  INFO 24592 --- [           main] liquibase.ui                             : Running Changeset: db/changelog/initial/008.add-foreign-key.xml::add-foreign-key::admin
2025-03-05T01:44:48.318+03:00  INFO 24592 --- [           main] liquibase.changelog                      : Foreign key constraint added to person (image_id)
2025-03-05T01:44:48.321+03:00  INFO 24592 --- [           main] liquibase.changelog                      : Foreign key constraint added to employee (id)
2025-03-05T01:44:48.325+03:00  INFO 24592 --- [           main] liquibase.changelog                      : Foreign key constraint added to manager (id)
2025-03-05T01:44:48.327+03:00  INFO 24592 --- [           main] liquibase.changelog                      : Foreign key constraint added to manager_employee (manager_id)
2025-03-05T01:44:48.329+03:00  INFO 24592 --- [           main] liquibase.changelog                      : Foreign key constraint added to manager_employee (employee_id)
2025-03-05T01:44:48.331+03:00  INFO 24592 --- [           main] liquibase.changelog                      : Foreign key constraint added to group_person (group_id)
2025-03-05T01:44:48.332+03:00  INFO 24592 --- [           main] liquibase.changelog                      : ChangeSet db/changelog/initial/008.add-foreign-key.xml::add-foreign-key::admin ran successfully in 17ms
2025-03-05T01:44:48.336+03:00  INFO 24592 --- [           main] liquibase.ui                             : Running Changeset: db/changelog/initial/009.insert-values.xml::insert-values::Kayles
2025-03-05T01:44:48.349+03:00  INFO 24592 --- [           main] liquibase.changelog                      : Custom SQL executed
2025-03-05T01:44:48.351+03:00  INFO 24592 --- [           main] liquibase.changelog                      : Custom SQL executed
2025-03-05T01:44:48.358+03:00  INFO 24592 --- [           main] liquibase.changelog                      : Custom SQL executed
2025-03-05T01:44:48.361+03:00  INFO 24592 --- [           main] liquibase.changelog                      : Custom SQL executed
2025-03-05T01:44:48.364+03:00  INFO 24592 --- [           main] liquibase.changelog                      : Custom SQL executed
2025-03-05T01:44:48.367+03:00  INFO 24592 --- [           main] liquibase.changelog                      : Custom SQL executed
2025-03-05T01:44:48.370+03:00  INFO 24592 --- [           main] liquibase.changelog                      : Custom SQL executed
2025-03-05T01:44:48.370+03:00  INFO 24592 --- [           main] liquibase.changelog                      : ChangeSet db/changelog/initial/009.insert-values.xml::insert-values::Kayles ran successfully in 33ms
2025-03-05T01:44:48.378+03:00  INFO 24592 --- [           main] liquibase.util                           : UPDATE SUMMARY
2025-03-05T01:44:48.379+03:00  INFO 24592 --- [           main] liquibase.util                           : Run:                          9
2025-03-05T01:44:48.379+03:00  INFO 24592 --- [           main] liquibase.util                           : Previously run:               0
2025-03-05T01:44:48.379+03:00  INFO 24592 --- [           main] liquibase.util                           : Filtered out:                 0
2025-03-05T01:44:48.379+03:00  INFO 24592 --- [           main] liquibase.util                           : -------------------------------
2025-03-05T01:44:48.379+03:00  INFO 24592 --- [           main] liquibase.util                           : Total change sets:            9
2025-03-05T01:44:48.380+03:00  INFO 24592 --- [           main] liquibase.util                           : Update summary generated
2025-03-05T01:44:48.382+03:00  INFO 24592 --- [           main] liquibase.command                        : Update command completed successfully.
2025-03-05T01:44:48.382+03:00  INFO 24592 --- [           main] liquibase.ui                             : Liquibase: Update has been successful. Rows affected: 29
2025-03-05T01:44:48.385+03:00  INFO 24592 --- [           main] liquibase.lockservice                    : Successfully released change log lock
2025-03-05T01:44:48.385+03:00  INFO 24592 --- [           main] liquibase.command                        : Command execution complete
2025-03-05T01:44:48.520+03:00  INFO 24592 --- [           main] o.hibernate.jpa.internal.util.LogHelper  : HHH000204: Processing PersistenceUnitInfo [name: default]
2025-03-05T01:44:48.611+03:00  INFO 24592 --- [           main] org.hibernate.Version                    : HHH000412: Hibernate ORM core version 6.6.8.Final
2025-03-05T01:44:48.663+03:00  INFO 24592 --- [           main] o.h.c.internal.RegionFactoryInitiator    : HHH000026: Second-level cache disabled
2025-03-05T01:44:48.994+03:00  INFO 24592 --- [           main] o.s.o.j.p.SpringPersistenceUnitInfo      : No LoadTimeWeaver setup: ignoring JPA class transformer
2025-03-05T01:44:49.073+03:00  INFO 24592 --- [           main] org.hibernate.orm.connections.pooling    : HHH10001005: Database info:
	Database JDBC URL [Connecting through datasource 'HikariDataSource (HikariPool-1)']
	Database driver: undefined/unknown
	Database version: 17.3
	Autocommit mode: undefined/unknown
	Isolation level: undefined/unknown
	Minimum pool size: undefined/unknown
	Maximum pool size: undefined/unknown
2025-03-05T01:44:50.071+03:00  INFO 24592 --- [           main] o.h.e.t.j.p.i.JtaPlatformInitiator       : HHH000489: No JTA platform available (set 'hibernate.transaction.jta.platform' to enable JTA platform integration)
2025-03-05T01:44:50.073+03:00  INFO 24592 --- [           main] j.LocalContainerEntityManagerFactoryBean : Initialized JPA EntityManagerFactory for persistence unit 'default'
2025-03-05T01:44:50.571+03:00  WARN 24592 --- [           main] JpaBaseConfiguration$JpaWebConfiguration : spring.jpa.open-in-view is enabled by default. Therefore, database queries may be performed during view rendering. Explicitly configure spring.jpa.open-in-view to disable this warning
2025-03-05T01:44:50.587+03:00 TRACE 24592 --- [           main] eGlobalAuthenticationAutowiredConfigurer : Eagerly initializing {securityConfig=com.kayles.employee_management_system.config.SecurityConfig$$SpringCGLIB$$0@17baaf07}
2025-03-05T01:44:50.588+03:00 DEBUG 24592 --- [           main] swordEncoderAuthenticationManagerBuilder : No authenticationProviders and no parentAuthenticationManager defined. Returning null.
2025-03-05T01:44:50.985+03:00 DEBUG 24592 --- [           main] o.s.s.web.DefaultSecurityFilterChain     : Will secure any request with filters: DisableEncodeUrlFilter, WebAsyncManagerIntegrationFilter, SecurityContextHolderFilter, HeaderWriterFilter, CorsFilter, LogoutFilter, JwtAuthenticationFilter, RequestCacheAwareFilter, SecurityContextHolderAwareRequestFilter, AnonymousAuthenticationFilter, ExceptionTranslationFilter, AuthorizationFilter
2025-03-05T01:44:51.573+03:00  INFO 24592 --- [localhost:27017] org.mongodb.driver.cluster               : Exception in monitor thread while connecting to server localhost:27017

com.mongodb.MongoSocketOpenException: Exception opening socket
	at com.mongodb.internal.connection.SocketStream.lambda$open$0(SocketStream.java:85) ~[mongodb-driver-core-5.2.1.jar:na]
	at java.base/java.util.Optional.orElseThrow(Optional.java:403) ~[na:na]
	at com.mongodb.internal.connection.SocketStream.open(SocketStream.java:85) ~[mongodb-driver-core-5.2.1.jar:na]
	at com.mongodb.internal.connection.InternalStreamConnection.open(InternalStreamConnection.java:233) ~[mongodb-driver-core-5.2.1.jar:na]
	at com.mongodb.internal.connection.DefaultServerMonitor$ServerMonitor.lookupServerDescription(DefaultServerMonitor.java:219) ~[mongodb-driver-core-5.2.1.jar:na]
	at com.mongodb.internal.connection.DefaultServerMonitor$ServerMonitor.run(DefaultServerMonitor.java:176) ~[mongodb-driver-core-5.2.1.jar:na]
Caused by: java.net.ConnectException: Connection refused: getsockopt
	at java.base/sun.nio.ch.Net.pollConnect(Native Method) ~[na:na]
	at java.base/sun.nio.ch.Net.pollConnectNow(Net.java:682) ~[na:na]
	at java.base/sun.nio.ch.NioSocketImpl.timedFinishConnect(NioSocketImpl.java:542) ~[na:na]
	at java.base/sun.nio.ch.NioSocketImpl.connect(NioSocketImpl.java:592) ~[na:na]
	at java.base/java.net.SocksSocketImpl.connect(SocksSocketImpl.java:327) ~[na:na]
	at java.base/java.net.Socket.connect(Socket.java:760) ~[na:na]
	at com.mongodb.internal.connection.SocketStreamHelper.initialize(SocketStreamHelper.java:76) ~[mongodb-driver-core-5.2.1.jar:na]
	at com.mongodb.internal.connection.SocketStream.initializeSocket(SocketStream.java:104) ~[mongodb-driver-core-5.2.1.jar:na]
	at com.mongodb.internal.connection.SocketStream.open(SocketStream.java:79) ~[mongodb-driver-core-5.2.1.jar:na]
	... 3 common frames omitted

2025-03-05T01:44:51.580+03:00  INFO 24592 --- [           main] org.mongodb.driver.client                : MongoClient with metadata {"driver": {"name": "mongo-java-driver|sync|spring-boot", "version": "5.2.1"}, "os": {"type": "Windows", "name": "Windows 11", "architecture": "amd64", "version": "10.0"}, "platform": "Java/Oracle Corporation/23+37-2369"} created with settings MongoClientSettings{readPreference=primary, writeConcern=WriteConcern{w=null, wTimeout=null ms, journal=null}, retryWrites=true, retryReads=true, readConcern=ReadConcern{level=null}, credential=null, transportSettings=null, commandListeners=[], codecRegistry=ProvidersCodecRegistry{codecProviders=[ValueCodecProvider{}, BsonValueCodecProvider{}, DBRefCodecProvider{}, DBObjectCodecProvider{}, DocumentCodecProvider{}, CollectionCodecProvider{}, IterableCodecProvider{}, MapCodecProvider{}, GeoJsonCodecProvider{}, GridFSFileCodecProvider{}, Jsr310CodecProvider{}, JsonObjectCodecProvider{}, BsonCodecProvider{}, EnumCodecProvider{}, com.mongodb.client.model.mql.ExpressionCodecProvider@22726bc7, com.mongodb.Jep395RecordCodecProvider@294a150c, com.mongodb.KotlinCodecProvider@2fef413c]}, loggerSettings=LoggerSettings{maxDocumentLength=1000}, clusterSettings={hosts=[localhost:27017], srvServiceName=mongodb, mode=SINGLE, requiredClusterType=UNKNOWN, requiredReplicaSetName='null', serverSelector='null', clusterListeners='[]', serverSelectionTimeout='30000 ms', localThreshold='15 ms'}, socketSettings=SocketSettings{connectTimeoutMS=10000, readTimeoutMS=0, receiveBufferSize=0, proxySettings=ProxySettings{host=null, port=null, username=null, password=null}}, heartbeatSocketSettings=SocketSettings{connectTimeoutMS=10000, readTimeoutMS=10000, receiveBufferSize=0, proxySettings=ProxySettings{host=null, port=null, username=null, password=null}}, connectionPoolSettings=ConnectionPoolSettings{maxSize=100, minSize=0, maxWaitTimeMS=120000, maxConnectionLifeTimeMS=0, maxConnectionIdleTimeMS=0, maintenanceInitialDelayMS=0, maintenanceFrequencyMS=60000, connectionPoolListeners=[], maxConnecting=2}, serverSettings=ServerSettings{heartbeatFrequencyMS=10000, minHeartbeatFrequencyMS=500, serverMonitoringMode=AUTO, serverListeners='[]', serverMonitorListeners='[]'}, sslSettings=SslSettings{enabled=false, invalidHostNameAllowed=false, context=null}, applicationName='null', compressorList=[], uuidRepresentation=JAVA_LEGACY, serverApi=null, autoEncryptionSettings=null, dnsClient=null, inetAddressResolver=null, contextProvider=null, timeoutMS=null}
2025-03-05T01:44:51.972+03:00  INFO 24592 --- [           main] EmployeeManagementSystemApplicationTests : Started EmployeeManagementSystemApplicationTests in 7.411 seconds (process running for 8.529)
]]></system-out>
    <system-err><![CDATA[Mockito is currently self-attaching to enable the inline-mock-maker. This will no longer work in future releases of the JDK. Please add Mockito as an agent to your build what is described in Mockito's documentation: https://javadoc.io/doc/org.mockito/mockito-core/latest/org/mockito/Mockito.html#0.3
WARNING: A Java agent has been loaded dynamically (C:\Users\Kayles\.m2\repository\net\bytebuddy\byte-buddy-agent\1.15.11\byte-buddy-agent-1.15.11.jar)
WARNING: If a serviceability tool is in use, please run with -XX:+EnableDynamicAgentLoading to hide this warning
WARNING: If a serviceability tool is not in use, please run with -Djdk.instrument.traceUsage for more information
WARNING: Dynamic loading of agents will be disallowed by default in a future release
]]></system-err>
  </testcase>
</testsuite>