<?xml version="1.0" encoding="UTF-8"?>
<testsuite xmlns:xsi="http://www.w3.org/2001/XMLSchema-instance" xsi:noNamespaceSchemaLocation="https://maven.apache.org/surefire/maven-surefire-plugin/xsd/surefire-test-report.xsd" version="3.0.2" name="com.kayles.employee_management_system.test.controller.AdminControllerImplTest" time="0.292" tests="4" errors="0" skipped="0" failures="0">
  <properties>
[...]
</properties>
  <testcase name="testRecreateByIdFromFile_WithImage_ShouldUpdateSuccessfully" classname="com.kayles.employee_management_system.test.controller.AdminControllerImplTest" time="0.228">
    <system-out><![CDATA[2025-12-15T09:05:48.403+03:00  INFO 20080 --- [           main] o.s.mock.web.MockServletContext          : Initializing Spring TestDispatcherServlet ''
2025-12-15T09:05:48.404+03:00  INFO 20080 --- [           main] o.s.t.web.servlet.TestDispatcherServlet  : Initializing Servlet ''
2025-12-15T09:05:48.404+03:00  INFO 20080 --- [           main] o.s.t.web.servlet.TestDispatcherServlet  : Completed initialization in 0 ms
]]></system-out>
  </testcase>
  <testcase name="testDeletePersonById_ShouldDeleteSuccessfully" classname="com.kayles.employee_management_system.test.controller.AdminControllerImplTest" time="0.012">
    <system-out><![CDATA[2025-12-15T09:05:48.449+03:00  INFO 20080 --- [           main] o.s.mock.web.MockServletContext          : Initializing Spring TestDispatcherServlet ''
2025-12-15T09:05:48.449+03:00  INFO 20080 --- [           main] o.s.t.web.servlet.TestDispatcherServlet  : Initializing Servlet ''
2025-12-15T09:05:48.449+03:00  INFO 20080 --- [           main] o.s.t.web.servlet.TestDispatcherServlet  : Completed initialization in 0 ms
2025-12-15T09:05:48.451+03:00  INFO 20080 --- [           main] c.k.e.c.impl.AdminControllerImpl         : Delete person id 1
]]></system-out>
  </testcase>
  <testcase name="testUpdatePersonById_WithPathId_ShouldUpdateSuccessfully" classname="com.kayles.employee_management_system.test.controller.AdminControllerImplTest" time="0.03">
    <system-out><![CDATA[2025-12-15T09:05:48.461+03:00  INFO 20080 --- [           main] o.s.mock.web.MockServletContext          : Initializing Spring TestDispatcherServlet ''
2025-12-15T09:05:48.461+03:00  INFO 20080 --- [           main] o.s.t.web.servlet.TestDispatcherServlet  : Initializing Servlet ''
2025-12-15T09:05:48.461+03:00  INFO 20080 --- [           main] o.s.t.web.servlet.TestDispatcherServlet  : Completed initialization in 0 ms
]]></system-out>
  </testcase>
  <testcase name="testUpdatePersonById_WithAdminRole_ShouldUpdateSuccessfully" classname="com.kayles.employee_management_system.test.controller.AdminControllerImplTest" time="0.019">
    <system-out><![CDATA[2025-12-15T09:05:48.490+03:00  INFO 20080 --- [           main] o.s.mock.web.MockServletContext          : Initializing Spring TestDispatcherServlet ''
2025-12-15T09:05:48.491+03:00  INFO 20080 --- [           main] o.s.t.web.servlet.TestDispatcherServlet  : Initializing Servlet ''
2025-12-15T09:05:48.491+03:00  INFO 20080 --- [           main] o.s.t.web.servlet.TestDispatcherServlet  : Completed initialization in 0 ms
2025-12-15T09:05:48.496+03:00  INFO 20080 --- [           main] c.k.e.c.impl.AdminControllerImpl         : Update person id null
]]></system-out>
  </testcase>
</testsuite>